INFO - 2024-06-20 11:45:51 --> Session: Class initialized using 'CodeIgniter\Session\Handlers\FileHandler' driver.
INFO - 2024-06-20 11:45:56 --> Session: Class initialized using 'CodeIgniter\Session\Handlers\FileHandler' driver.
INFO - 2024-06-20 11:46:14 --> Session: Class initialized using 'CodeIgniter\Session\Handlers\FileHandler' driver.
INFO - 2024-06-20 11:58:21 --> Session: Class initialized using 'CodeIgniter\Session\Handlers\FileHandler' driver.
INFO - 2024-06-20 11:58:21 --> Session: Class initialized using 'CodeIgniter\Session\Handlers\FileHandler' driver.
INFO - 2024-06-20 11:58:28 --> Session: Class initialized using 'CodeIgniter\Session\Handlers\FileHandler' driver.
INFO - 2024-06-20 11:58:52 --> Session: Class initialized using 'CodeIgniter\Session\Handlers\FileHandler' driver.
INFO - 2024-06-20 11:58:56 --> Session: Class initialized using 'CodeIgniter\Session\Handlers\FileHandler' driver.
INFO - 2024-06-20 11:59:47 --> Session: Class initialized using 'CodeIgniter\Session\Handlers\FileHandler' driver.
ERROR - 2024-06-20 12:04:16 --> mysqli_sql_exception: Cannot add or update a child row: a foreign key constraint fails (`biblioteca`.`emprestimo`, CONSTRAINT `emprestimo_ibfk_1` FOREIGN KEY (`id_livro`) REFERENCES `livro` (`id`)) in /opt/lampp/htdocs/ci4_biblioteca/system/Database/MySQLi/Connection.php:306
Stack trace:
#0 /opt/lampp/htdocs/ci4_biblioteca/system/Database/MySQLi/Connection.php(306): mysqli->query()
#1 /opt/lampp/htdocs/ci4_biblioteca/system/Database/BaseConnection.php(693): CodeIgniter\Database\MySQLi\Connection->execute()
#2 /opt/lampp/htdocs/ci4_biblioteca/system/Database/BaseConnection.php(607): CodeIgniter\Database\BaseConnection->simpleQuery()
#3 /opt/lampp/htdocs/ci4_biblioteca/system/Database/BaseBuilder.php(2474): CodeIgniter\Database\BaseConnection->query()
#4 /opt/lampp/htdocs/ci4_biblioteca/system/Model.php(393): CodeIgniter\Database\BaseBuilder->update()
#5 /opt/lampp/htdocs/ci4_biblioteca/system/BaseModel.php(987): CodeIgniter\Model->doUpdate()
#6 /opt/lampp/htdocs/ci4_biblioteca/system/Model.php(807): CodeIgniter\BaseModel->update()
#7 /opt/lampp/htdocs/ci4_biblioteca/system/BaseModel.php(711): CodeIgniter\Model->update()
#8 /opt/lampp/htdocs/ci4_biblioteca/app/Controllers/Emprestimo.php(64): CodeIgniter\BaseModel->save()
#9 /opt/lampp/htdocs/ci4_biblioteca/system/CodeIgniter.php(941): App\Controllers\Emprestimo->salvar()
#10 /opt/lampp/htdocs/ci4_biblioteca/system/CodeIgniter.php(502): CodeIgniter\CodeIgniter->runController()
#11 /opt/lampp/htdocs/ci4_biblioteca/system/CodeIgniter.php(361): CodeIgniter\CodeIgniter->handleRequest()
#12 /opt/lampp/htdocs/ci4_biblioteca/public/index.php(79): CodeIgniter\CodeIgniter->run()
#13 /opt/lampp/htdocs/ci4_biblioteca/system/Commands/Server/rewrite.php(47): require_once('...')
#14 {main}
CRITICAL - 2024-06-20 12:04:16 --> CodeIgniter\Database\Exceptions\DatabaseException: Cannot add or update a child row: a foreign key constraint fails (`biblioteca`.`emprestimo`, CONSTRAINT `emprestimo_ibfk_1` FOREIGN KEY (`id_livro`) REFERENCES `livro` (`id`))
in SYSTEMPATH/Database/BaseConnection.php on line 647.
 1 SYSTEMPATH/Database/BaseBuilder.php(2474): CodeIgniter\Database\BaseConnection->query()
 2 SYSTEMPATH/Model.php(393): CodeIgniter\Database\BaseBuilder->update()
 3 SYSTEMPATH/BaseModel.php(987): CodeIgniter\Model->doUpdate()
 4 SYSTEMPATH/Model.php(807): CodeIgniter\BaseModel->update()
 5 SYSTEMPATH/BaseModel.php(711): CodeIgniter\Model->update()
 6 APPPATH/Controllers/Emprestimo.php(64): CodeIgniter\BaseModel->save()
 7 SYSTEMPATH/CodeIgniter.php(941): App\Controllers\Emprestimo->salvar()
 8 SYSTEMPATH/CodeIgniter.php(502): CodeIgniter\CodeIgniter->runController()
 9 SYSTEMPATH/CodeIgniter.php(361): CodeIgniter\CodeIgniter->handleRequest()
10 FCPATH/index.php(79): CodeIgniter\CodeIgniter->run()
11 SYSTEMPATH/Commands/Server/rewrite.php(47): require_once('/opt/lampp/htdocs/ci4_biblioteca/public/index.php')
CRITICAL - 2024-06-20 12:04:16 --> [Caused by] CodeIgniter\Database\Exceptions\DatabaseException: Cannot add or update a child row: a foreign key constraint fails (`biblioteca`.`emprestimo`, CONSTRAINT `emprestimo_ibfk_1` FOREIGN KEY (`id_livro`) REFERENCES `livro` (`id`))
in SYSTEMPATH/Database/MySQLi/Connection.php on line 311.
 1 SYSTEMPATH/Database/BaseConnection.php(693): CodeIgniter\Database\MySQLi\Connection->execute()
 2 SYSTEMPATH/Database/BaseConnection.php(607): CodeIgniter\Database\BaseConnection->simpleQuery()
 3 SYSTEMPATH/Database/BaseBuilder.php(2474): CodeIgniter\Database\BaseConnection->query()
 4 SYSTEMPATH/Model.php(393): CodeIgniter\Database\BaseBuilder->update()
 5 SYSTEMPATH/BaseModel.php(987): CodeIgniter\Model->doUpdate()
 6 SYSTEMPATH/Model.php(807): CodeIgniter\BaseModel->update()
 7 SYSTEMPATH/BaseModel.php(711): CodeIgniter\Model->update()
 8 APPPATH/Controllers/Emprestimo.php(64): CodeIgniter\BaseModel->save()
 9 SYSTEMPATH/CodeIgniter.php(941): App\Controllers\Emprestimo->salvar()
10 SYSTEMPATH/CodeIgniter.php(502): CodeIgniter\CodeIgniter->runController()
11 SYSTEMPATH/CodeIgniter.php(361): CodeIgniter\CodeIgniter->handleRequest()
12 FCPATH/index.php(79): CodeIgniter\CodeIgniter->run()
13 SYSTEMPATH/Commands/Server/rewrite.php(47): require_once('/opt/lampp/htdocs/ci4_biblioteca/public/index.php')
CRITICAL - 2024-06-20 12:04:16 --> [Caused by] mysqli_sql_exception: Cannot add or update a child row: a foreign key constraint fails (`biblioteca`.`emprestimo`, CONSTRAINT `emprestimo_ibfk_1` FOREIGN KEY (`id_livro`) REFERENCES `livro` (`id`))
in SYSTEMPATH/Database/MySQLi/Connection.php on line 306.
 1 SYSTEMPATH/Database/MySQLi/Connection.php(306): mysqli->query()
 2 SYSTEMPATH/Database/BaseConnection.php(693): CodeIgniter\Database\MySQLi\Connection->execute()
 3 SYSTEMPATH/Database/BaseConnection.php(607): CodeIgniter\Database\BaseConnection->simpleQuery()
 4 SYSTEMPATH/Database/BaseBuilder.php(2474): CodeIgniter\Database\BaseConnection->query()
 5 SYSTEMPATH/Model.php(393): CodeIgniter\Database\BaseBuilder->update()
 6 SYSTEMPATH/BaseModel.php(987): CodeIgniter\Model->doUpdate()
 7 SYSTEMPATH/Model.php(807): CodeIgniter\BaseModel->update()
 8 SYSTEMPATH/BaseModel.php(711): CodeIgniter\Model->update()
 9 APPPATH/Controllers/Emprestimo.php(64): CodeIgniter\BaseModel->save()
10 SYSTEMPATH/CodeIgniter.php(941): App\Controllers\Emprestimo->salvar()
11 SYSTEMPATH/CodeIgniter.php(502): CodeIgniter\CodeIgniter->runController()
12 SYSTEMPATH/CodeIgniter.php(361): CodeIgniter\CodeIgniter->handleRequest()
13 FCPATH/index.php(79): CodeIgniter\CodeIgniter->run()
14 SYSTEMPATH/Commands/Server/rewrite.php(47): require_once('/opt/lampp/htdocs/ci4_biblioteca/public/index.php')
INFO - 2024-06-20 12:07:29 --> Session: Class initialized using 'CodeIgniter\Session\Handlers\FileHandler' driver.
CRITICAL - 2024-06-20 12:07:44 --> ErrorException: Trying to access array offset on value of type null
in APPPATH/Controllers/Emprestimo.php on line 51.
 1 APPPATH/Controllers/Emprestimo.php(51): CodeIgniter\Debug\Exceptions->errorHandler()
 2 SYSTEMPATH/CodeIgniter.php(941): App\Controllers\Emprestimo->editar()
 3 SYSTEMPATH/CodeIgniter.php(502): CodeIgniter\CodeIgniter->runController()
 4 SYSTEMPATH/CodeIgniter.php(361): CodeIgniter\CodeIgniter->handleRequest()
 5 FCPATH/index.php(79): CodeIgniter\CodeIgniter->run()
 6 SYSTEMPATH/Commands/Server/rewrite.php(47): require_once('/opt/lampp/htdocs/ci4_biblioteca/public/index.php')
CRITICAL - 2024-06-20 12:07:45 --> ErrorException: Trying to access array offset on value of type null
in APPPATH/Views/devolução/index.php on line 3.
 1 APPPATH/Views/devolução/index.php(3): CodeIgniter\Debug\Exceptions->errorHandler()
 2 SYSTEMPATH/View/View.php(228): include('/opt/lampp/htdocs/ci4_biblioteca/app/Views/devolução/index.php')
 3 SYSTEMPATH/View/View.php(231): CodeIgniter\View\View->CodeIgniter\View\{closure}()
 4 SYSTEMPATH/Common.php(1178): CodeIgniter\View\View->render()
 5 APPPATH/Controllers/Emprestimo.php(86): view()
 6 SYSTEMPATH/CodeIgniter.php(941): App\Controllers\Emprestimo->devolucao()
 7 SYSTEMPATH/CodeIgniter.php(502): CodeIgniter\CodeIgniter->runController()
 8 SYSTEMPATH/CodeIgniter.php(361): CodeIgniter\CodeIgniter->handleRequest()
 9 FCPATH/index.php(79): CodeIgniter\CodeIgniter->run()
10 SYSTEMPATH/Commands/Server/rewrite.php(47): require_once('/opt/lampp/htdocs/ci4_biblioteca/public/index.php')
CRITICAL - 2024-06-20 12:07:45 --> ErrorException: Trying to access array offset on value of type null
in APPPATH/Controllers/Emprestimo.php on line 51.
 1 APPPATH/Controllers/Emprestimo.php(51): CodeIgniter\Debug\Exceptions->errorHandler()
 2 SYSTEMPATH/CodeIgniter.php(941): App\Controllers\Emprestimo->editar()
 3 SYSTEMPATH/CodeIgniter.php(502): CodeIgniter\CodeIgniter->runController()
 4 SYSTEMPATH/CodeIgniter.php(361): CodeIgniter\CodeIgniter->handleRequest()
 5 FCPATH/index.php(79): CodeIgniter\CodeIgniter->run()
 6 SYSTEMPATH/Commands/Server/rewrite.php(47): require_once('/opt/lampp/htdocs/ci4_biblioteca/public/index.php')
CRITICAL - 2024-06-20 12:07:46 --> ErrorException: Trying to access array offset on value of type null
in APPPATH/Views/devolução/index.php on line 3.
 1 APPPATH/Views/devolução/index.php(3): CodeIgniter\Debug\Exceptions->errorHandler()
 2 SYSTEMPATH/View/View.php(228): include('/opt/lampp/htdocs/ci4_biblioteca/app/Views/devolução/index.php')
 3 SYSTEMPATH/View/View.php(231): CodeIgniter\View\View->CodeIgniter\View\{closure}()
 4 SYSTEMPATH/Common.php(1178): CodeIgniter\View\View->render()
 5 APPPATH/Controllers/Emprestimo.php(86): view()
 6 SYSTEMPATH/CodeIgniter.php(941): App\Controllers\Emprestimo->devolucao()
 7 SYSTEMPATH/CodeIgniter.php(502): CodeIgniter\CodeIgniter->runController()
 8 SYSTEMPATH/CodeIgniter.php(361): CodeIgniter\CodeIgniter->handleRequest()
 9 FCPATH/index.php(79): CodeIgniter\CodeIgniter->run()
10 SYSTEMPATH/Commands/Server/rewrite.php(47): require_once('/opt/lampp/htdocs/ci4_biblioteca/public/index.php')
INFO - 2024-06-20 12:07:52 --> Session: Class initialized using 'CodeIgniter\Session\Handlers\FileHandler' driver.
INFO - 2024-06-20 12:07:54 --> Session: Class initialized using 'CodeIgniter\Session\Handlers\FileHandler' driver.
INFO - 2024-06-20 12:07:56 --> Session: Class initialized using 'CodeIgniter\Session\Handlers\FileHandler' driver.
INFO - 2024-06-20 12:07:56 --> Session: Class initialized using 'CodeIgniter\Session\Handlers\FileHandler' driver.
INFO - 2024-06-20 12:08:03 --> Session: Class initialized using 'CodeIgniter\Session\Handlers\FileHandler' driver.
INFO - 2024-06-20 12:08:05 --> Session: Class initialized using 'CodeIgniter\Session\Handlers\FileHandler' driver.
INFO - 2024-06-20 12:08:07 --> Session: Class initialized using 'CodeIgniter\Session\Handlers\FileHandler' driver.
INFO - 2024-06-20 12:08:10 --> Session: Class initialized using 'CodeIgniter\Session\Handlers\FileHandler' driver.
INFO - 2024-06-20 12:31:07 --> Session: Class initialized using 'CodeIgniter\Session\Handlers\FileHandler' driver.
CRITICAL - 2024-06-20 12:32:26 --> ErrorException: Undefined array key 13
in APPPATH/Views/emprestimo/index.php on line 115.
 1 APPPATH/Views/emprestimo/index.php(115): CodeIgniter\Debug\Exceptions->errorHandler()
 2 SYSTEMPATH/View/View.php(228): include('/opt/lampp/htdocs/ci4_biblioteca/app/Views/emprestimo/index.php')
 3 SYSTEMPATH/View/View.php(231): CodeIgniter\View\View->CodeIgniter\View\{closure}()
 4 SYSTEMPATH/Common.php(1178): CodeIgniter\View\View->render()
 5 APPPATH/Controllers/Emprestimo.php(37): view()
 6 SYSTEMPATH/CodeIgniter.php(941): App\Controllers\Emprestimo->index()
 7 SYSTEMPATH/CodeIgniter.php(502): CodeIgniter\CodeIgniter->runController()
 8 SYSTEMPATH/CodeIgniter.php(361): CodeIgniter\CodeIgniter->handleRequest()
 9 FCPATH/index.php(79): CodeIgniter\CodeIgniter->run()
10 SYSTEMPATH/Commands/Server/rewrite.php(47): require_once('/opt/lampp/htdocs/ci4_biblioteca/public/index.php')
CRITICAL - 2024-06-20 12:51:43 --> ErrorException: Undefined array key "id_livro"
in APPPATH/Controllers/Emprestimo.php on line 75.
 1 APPPATH/Controllers/Emprestimo.php(75): CodeIgniter\Debug\Exceptions->errorHandler()
 2 SYSTEMPATH/CodeIgniter.php(941): App\Controllers\Emprestimo->excluir()
 3 SYSTEMPATH/CodeIgniter.php(502): CodeIgniter\CodeIgniter->runController()
 4 SYSTEMPATH/CodeIgniter.php(361): CodeIgniter\CodeIgniter->handleRequest()
 5 FCPATH/index.php(79): CodeIgniter\CodeIgniter->run()
 6 SYSTEMPATH/Commands/Server/rewrite.php(47): require_once('/opt/lampp/htdocs/ci4_biblioteca/public/index.php')
CRITICAL - 2024-06-20 12:51:49 --> ErrorException: Undefined array key "id_livro"
in APPPATH/Controllers/Emprestimo.php on line 75.
 1 APPPATH/Controllers/Emprestimo.php(75): CodeIgniter\Debug\Exceptions->errorHandler()
 2 SYSTEMPATH/CodeIgniter.php(941): App\Controllers\Emprestimo->excluir()
 3 SYSTEMPATH/CodeIgniter.php(502): CodeIgniter\CodeIgniter->runController()
 4 SYSTEMPATH/CodeIgniter.php(361): CodeIgniter\CodeIgniter->handleRequest()
 5 FCPATH/index.php(79): CodeIgniter\CodeIgniter->run()
 6 SYSTEMPATH/Commands/Server/rewrite.php(47): require_once('/opt/lampp/htdocs/ci4_biblioteca/public/index.php')
CRITICAL - 2024-06-20 12:52:00 --> ErrorException: Undefined array key "id_livro"
in APPPATH/Controllers/Emprestimo.php on line 75.
 1 APPPATH/Controllers/Emprestimo.php(75): CodeIgniter\Debug\Exceptions->errorHandler()
 2 SYSTEMPATH/CodeIgniter.php(941): App\Controllers\Emprestimo->excluir()
 3 SYSTEMPATH/CodeIgniter.php(502): CodeIgniter\CodeIgniter->runController()
 4 SYSTEMPATH/CodeIgniter.php(361): CodeIgniter\CodeIgniter->handleRequest()
 5 FCPATH/index.php(79): CodeIgniter\CodeIgniter->run()
 6 SYSTEMPATH/Commands/Server/rewrite.php(47): require_once('/opt/lampp/htdocs/ci4_biblioteca/public/index.php')
CRITICAL - 2024-06-20 12:52:08 --> ErrorException: Undefined array key "id_livro"
in APPPATH/Controllers/Emprestimo.php on line 75.
 1 APPPATH/Controllers/Emprestimo.php(75): CodeIgniter\Debug\Exceptions->errorHandler()
 2 SYSTEMPATH/CodeIgniter.php(941): App\Controllers\Emprestimo->excluir()
 3 SYSTEMPATH/CodeIgniter.php(502): CodeIgniter\CodeIgniter->runController()
 4 SYSTEMPATH/CodeIgniter.php(361): CodeIgniter\CodeIgniter->handleRequest()
 5 FCPATH/index.php(79): CodeIgniter\CodeIgniter->run()
 6 SYSTEMPATH/Commands/Server/rewrite.php(47): require_once('/opt/lampp/htdocs/ci4_biblioteca/public/index.php')
CRITICAL - 2024-06-20 12:52:31 --> ErrorException: Undefined array key "id_livro"
in APPPATH/Controllers/Emprestimo.php on line 75.
 1 APPPATH/Controllers/Emprestimo.php(75): CodeIgniter\Debug\Exceptions->errorHandler()
 2 SYSTEMPATH/CodeIgniter.php(941): App\Controllers\Emprestimo->excluir()
 3 SYSTEMPATH/CodeIgniter.php(502): CodeIgniter\CodeIgniter->runController()
 4 SYSTEMPATH/CodeIgniter.php(361): CodeIgniter\CodeIgniter->handleRequest()
 5 FCPATH/index.php(79): CodeIgniter\CodeIgniter->run()
 6 SYSTEMPATH/Commands/Server/rewrite.php(47): require_once('/opt/lampp/htdocs/ci4_biblioteca/public/index.php')
INFO - 2024-06-20 12:52:36 --> Session: Class initialized using 'CodeIgniter\Session\Handlers\FileHandler' driver.
CRITICAL - 2024-06-20 12:52:53 --> ErrorException: Trying to access array offset on value of type null
in APPPATH/Views/emprestimo/edit.php on line 3.
 1 APPPATH/Views/emprestimo/edit.php(3): CodeIgniter\Debug\Exceptions->errorHandler()
 2 SYSTEMPATH/View/View.php(228): include('/opt/lampp/htdocs/ci4_biblioteca/app/Views/emprestimo/edit.php')
 3 SYSTEMPATH/View/View.php(231): CodeIgniter\View\View->CodeIgniter\View\{closure}()
 4 SYSTEMPATH/Common.php(1178): CodeIgniter\View\View->render()
 5 APPPATH/Controllers/Emprestimo.php(57): view()
 6 SYSTEMPATH/CodeIgniter.php(941): App\Controllers\Emprestimo->editar()
 7 SYSTEMPATH/CodeIgniter.php(502): CodeIgniter\CodeIgniter->runController()
 8 SYSTEMPATH/CodeIgniter.php(361): CodeIgniter\CodeIgniter->handleRequest()
 9 FCPATH/index.php(79): CodeIgniter\CodeIgniter->run()
10 SYSTEMPATH/Commands/Server/rewrite.php(47): require_once('/opt/lampp/htdocs/ci4_biblioteca/public/index.php')
CRITICAL - 2024-06-20 12:54:03 --> ErrorException: Undefined array key "id_livro"
in APPPATH/Controllers/Emprestimo.php on line 75.
 1 APPPATH/Controllers/Emprestimo.php(75): CodeIgniter\Debug\Exceptions->errorHandler()
 2 SYSTEMPATH/CodeIgniter.php(941): App\Controllers\Emprestimo->excluir()
 3 SYSTEMPATH/CodeIgniter.php(502): CodeIgniter\CodeIgniter->runController()
 4 SYSTEMPATH/CodeIgniter.php(361): CodeIgniter\CodeIgniter->handleRequest()
 5 FCPATH/index.php(79): CodeIgniter\CodeIgniter->run()
 6 SYSTEMPATH/Commands/Server/rewrite.php(47): require_once('/opt/lampp/htdocs/ci4_biblioteca/public/index.php')
CRITICAL - 2024-06-20 12:54:41 --> ErrorException: Undefined array key "id_livro"
in APPPATH/Controllers/Emprestimo.php on line 75.
 1 APPPATH/Controllers/Emprestimo.php(75): CodeIgniter\Debug\Exceptions->errorHandler()
 2 SYSTEMPATH/CodeIgniter.php(941): App\Controllers\Emprestimo->excluir()
 3 SYSTEMPATH/CodeIgniter.php(502): CodeIgniter\CodeIgniter->runController()
 4 SYSTEMPATH/CodeIgniter.php(361): CodeIgniter\CodeIgniter->handleRequest()
 5 FCPATH/index.php(79): CodeIgniter\CodeIgniter->run()
 6 SYSTEMPATH/Commands/Server/rewrite.php(47): require_once('/opt/lampp/htdocs/ci4_biblioteca/public/index.php')
ERROR - 2024-06-20 13:47:56 --> mysqli_sql_exception: Cannot add or update a child row: a foreign key constraint fails (`biblioteca`.`emprestimo`, CONSTRAINT `emprestimo_ibfk_1` FOREIGN KEY (`id_livro`) REFERENCES `livro` (`id`)) in /opt/lampp/htdocs/ci4_biblioteca/system/Database/MySQLi/Connection.php:306
Stack trace:
#0 /opt/lampp/htdocs/ci4_biblioteca/system/Database/MySQLi/Connection.php(306): mysqli->query()
#1 /opt/lampp/htdocs/ci4_biblioteca/system/Database/BaseConnection.php(693): CodeIgniter\Database\MySQLi\Connection->execute()
#2 /opt/lampp/htdocs/ci4_biblioteca/system/Database/BaseConnection.php(607): CodeIgniter\Database\BaseConnection->simpleQuery()
#3 /opt/lampp/htdocs/ci4_biblioteca/system/Database/BaseBuilder.php(2474): CodeIgniter\Database\BaseConnection->query()
#4 /opt/lampp/htdocs/ci4_biblioteca/system/Model.php(393): CodeIgniter\Database\BaseBuilder->update()
#5 /opt/lampp/htdocs/ci4_biblioteca/system/BaseModel.php(987): CodeIgniter\Model->doUpdate()
#6 /opt/lampp/htdocs/ci4_biblioteca/system/Model.php(807): CodeIgniter\BaseModel->update()
#7 /opt/lampp/htdocs/ci4_biblioteca/system/BaseModel.php(711): CodeIgniter\Model->update()
#8 /opt/lampp/htdocs/ci4_biblioteca/app/Controllers/Emprestimo.php(62): CodeIgniter\BaseModel->save()
#9 /opt/lampp/htdocs/ci4_biblioteca/system/CodeIgniter.php(941): App\Controllers\Emprestimo->salvar()
#10 /opt/lampp/htdocs/ci4_biblioteca/system/CodeIgniter.php(502): CodeIgniter\CodeIgniter->runController()
#11 /opt/lampp/htdocs/ci4_biblioteca/system/CodeIgniter.php(361): CodeIgniter\CodeIgniter->handleRequest()
#12 /opt/lampp/htdocs/ci4_biblioteca/public/index.php(79): CodeIgniter\CodeIgniter->run()
#13 /opt/lampp/htdocs/ci4_biblioteca/system/Commands/Server/rewrite.php(47): require_once('...')
#14 {main}
CRITICAL - 2024-06-20 13:47:56 --> CodeIgniter\Database\Exceptions\DatabaseException: Cannot add or update a child row: a foreign key constraint fails (`biblioteca`.`emprestimo`, CONSTRAINT `emprestimo_ibfk_1` FOREIGN KEY (`id_livro`) REFERENCES `livro` (`id`))
in SYSTEMPATH/Database/BaseConnection.php on line 647.
 1 SYSTEMPATH/Database/BaseBuilder.php(2474): CodeIgniter\Database\BaseConnection->query()
 2 SYSTEMPATH/Model.php(393): CodeIgniter\Database\BaseBuilder->update()
 3 SYSTEMPATH/BaseModel.php(987): CodeIgniter\Model->doUpdate()
 4 SYSTEMPATH/Model.php(807): CodeIgniter\BaseModel->update()
 5 SYSTEMPATH/BaseModel.php(711): CodeIgniter\Model->update()
 6 APPPATH/Controllers/Emprestimo.php(62): CodeIgniter\BaseModel->save()
 7 SYSTEMPATH/CodeIgniter.php(941): App\Controllers\Emprestimo->salvar()
 8 SYSTEMPATH/CodeIgniter.php(502): CodeIgniter\CodeIgniter->runController()
 9 SYSTEMPATH/CodeIgniter.php(361): CodeIgniter\CodeIgniter->handleRequest()
10 FCPATH/index.php(79): CodeIgniter\CodeIgniter->run()
11 SYSTEMPATH/Commands/Server/rewrite.php(47): require_once('/opt/lampp/htdocs/ci4_biblioteca/public/index.php')
CRITICAL - 2024-06-20 13:47:56 --> [Caused by] CodeIgniter\Database\Exceptions\DatabaseException: Cannot add or update a child row: a foreign key constraint fails (`biblioteca`.`emprestimo`, CONSTRAINT `emprestimo_ibfk_1` FOREIGN KEY (`id_livro`) REFERENCES `livro` (`id`))
in SYSTEMPATH/Database/MySQLi/Connection.php on line 311.
 1 SYSTEMPATH/Database/BaseConnection.php(693): CodeIgniter\Database\MySQLi\Connection->execute()
 2 SYSTEMPATH/Database/BaseConnection.php(607): CodeIgniter\Database\BaseConnection->simpleQuery()
 3 SYSTEMPATH/Database/BaseBuilder.php(2474): CodeIgniter\Database\BaseConnection->query()
 4 SYSTEMPATH/Model.php(393): CodeIgniter\Database\BaseBuilder->update()
 5 SYSTEMPATH/BaseModel.php(987): CodeIgniter\Model->doUpdate()
 6 SYSTEMPATH/Model.php(807): CodeIgniter\BaseModel->update()
 7 SYSTEMPATH/BaseModel.php(711): CodeIgniter\Model->update()
 8 APPPATH/Controllers/Emprestimo.php(62): CodeIgniter\BaseModel->save()
 9 SYSTEMPATH/CodeIgniter.php(941): App\Controllers\Emprestimo->salvar()
10 SYSTEMPATH/CodeIgniter.php(502): CodeIgniter\CodeIgniter->runController()
11 SYSTEMPATH/CodeIgniter.php(361): CodeIgniter\CodeIgniter->handleRequest()
12 FCPATH/index.php(79): CodeIgniter\CodeIgniter->run()
13 SYSTEMPATH/Commands/Server/rewrite.php(47): require_once('/opt/lampp/htdocs/ci4_biblioteca/public/index.php')
CRITICAL - 2024-06-20 13:47:56 --> [Caused by] mysqli_sql_exception: Cannot add or update a child row: a foreign key constraint fails (`biblioteca`.`emprestimo`, CONSTRAINT `emprestimo_ibfk_1` FOREIGN KEY (`id_livro`) REFERENCES `livro` (`id`))
in SYSTEMPATH/Database/MySQLi/Connection.php on line 306.
 1 SYSTEMPATH/Database/MySQLi/Connection.php(306): mysqli->query()
 2 SYSTEMPATH/Database/BaseConnection.php(693): CodeIgniter\Database\MySQLi\Connection->execute()
 3 SYSTEMPATH/Database/BaseConnection.php(607): CodeIgniter\Database\BaseConnection->simpleQuery()
 4 SYSTEMPATH/Database/BaseBuilder.php(2474): CodeIgniter\Database\BaseConnection->query()
 5 SYSTEMPATH/Model.php(393): CodeIgniter\Database\BaseBuilder->update()
 6 SYSTEMPATH/BaseModel.php(987): CodeIgniter\Model->doUpdate()
 7 SYSTEMPATH/Model.php(807): CodeIgniter\BaseModel->update()
 8 SYSTEMPATH/BaseModel.php(711): CodeIgniter\Model->update()
 9 APPPATH/Controllers/Emprestimo.php(62): CodeIgniter\BaseModel->save()
10 SYSTEMPATH/CodeIgniter.php(941): App\Controllers\Emprestimo->salvar()
11 SYSTEMPATH/CodeIgniter.php(502): CodeIgniter\CodeIgniter->runController()
12 SYSTEMPATH/CodeIgniter.php(361): CodeIgniter\CodeIgniter->handleRequest()
13 FCPATH/index.php(79): CodeIgniter\CodeIgniter->run()
14 SYSTEMPATH/Commands/Server/rewrite.php(47): require_once('/opt/lampp/htdocs/ci4_biblioteca/public/index.php')
